mode: set
github.com/alcimerio/gopos-ratelimiter/main.go:16.13,18.40 1 0
github.com/alcimerio/gopos-ratelimiter/main.go:18.40,20.3 1 0
github.com/alcimerio/gopos-ratelimiter/main.go:23.2,33.16 9 0
github.com/alcimerio/gopos-ratelimiter/main.go:33.16,35.3 1 0
github.com/alcimerio/gopos-ratelimiter/main.go:36.2,49.75 4 0
github.com/alcimerio/gopos-ratelimiter/main.go:49.75,52.3 2 0
github.com/alcimerio/gopos-ratelimiter/main.go:55.2,59.58 3 0
github.com/alcimerio/gopos-ratelimiter/main.go:59.58,61.3 1 0
github.com/alcimerio/gopos-ratelimiter/pkg/limiter/limiter.go:22.74,27.2 1 1
github.com/alcimerio/gopos-ratelimiter/pkg/limiter/limiter.go:29.80,30.17 1 1
github.com/alcimerio/gopos-ratelimiter/pkg/limiter/limiter.go:30.17,31.67 1 1
github.com/alcimerio/gopos-ratelimiter/pkg/limiter/limiter.go:31.67,33.4 1 0
github.com/alcimerio/gopos-ratelimiter/pkg/limiter/limiter.go:33.9,33.21 1 1
github.com/alcimerio/gopos-ratelimiter/pkg/limiter/limiter.go:33.21,35.4 1 0
github.com/alcimerio/gopos-ratelimiter/pkg/limiter/limiter.go:38.2,38.63 1 1
github.com/alcimerio/gopos-ratelimiter/pkg/limiter/limiter.go:38.63,40.3 1 0
github.com/alcimerio/gopos-ratelimiter/pkg/limiter/limiter.go:40.8,40.20 1 1
github.com/alcimerio/gopos-ratelimiter/pkg/limiter/limiter.go:40.20,42.3 1 0
github.com/alcimerio/gopos-ratelimiter/pkg/limiter/limiter.go:44.2,44.17 1 1
github.com/alcimerio/gopos-ratelimiter/pkg/limiter/limiter.go:44.17,46.17 2 1
github.com/alcimerio/gopos-ratelimiter/pkg/limiter/limiter.go:46.17,48.4 1 0
github.com/alcimerio/gopos-ratelimiter/pkg/limiter/limiter.go:50.3,50.42 1 1
github.com/alcimerio/gopos-ratelimiter/pkg/limiter/limiter.go:50.42,51.80 1 1
github.com/alcimerio/gopos-ratelimiter/pkg/limiter/limiter.go:51.80,53.5 1 0
github.com/alcimerio/gopos-ratelimiter/pkg/limiter/limiter.go:55.4,55.55 1 1
github.com/alcimerio/gopos-ratelimiter/pkg/limiter/limiter.go:55.55,57.5 1 0
github.com/alcimerio/gopos-ratelimiter/pkg/limiter/limiter.go:58.4,58.50 1 1
github.com/alcimerio/gopos-ratelimiter/pkg/limiter/limiter.go:60.3,60.13 1 1
github.com/alcimerio/gopos-ratelimiter/pkg/limiter/limiter.go:63.2,64.16 2 1
github.com/alcimerio/gopos-ratelimiter/pkg/limiter/limiter.go:64.16,66.3 1 0
github.com/alcimerio/gopos-ratelimiter/pkg/limiter/limiter.go:68.2,68.38 1 1
github.com/alcimerio/gopos-ratelimiter/pkg/limiter/limiter.go:68.38,69.76 1 1
github.com/alcimerio/gopos-ratelimiter/pkg/limiter/limiter.go:69.76,71.4 1 0
github.com/alcimerio/gopos-ratelimiter/pkg/limiter/limiter.go:73.3,73.51 1 1
github.com/alcimerio/gopos-ratelimiter/pkg/limiter/limiter.go:73.51,75.4 1 0
github.com/alcimerio/gopos-ratelimiter/pkg/limiter/limiter.go:76.3,76.46 1 1
github.com/alcimerio/gopos-ratelimiter/pkg/limiter/limiter.go:79.2,79.12 1 1
github.com/alcimerio/gopos-ratelimiter/pkg/middleware/ratelimiter.go:13.84,17.2 1 1
github.com/alcimerio/gopos-ratelimiter/pkg/middleware/ratelimiter.go:19.73,20.71 1 1
github.com/alcimerio/gopos-ratelimiter/pkg/middleware/ratelimiter.go:20.71,23.74 2 1
github.com/alcimerio/gopos-ratelimiter/pkg/middleware/ratelimiter.go:23.74,25.4 1 0
github.com/alcimerio/gopos-ratelimiter/pkg/middleware/ratelimiter.go:28.3,31.70 2 1
github.com/alcimerio/gopos-ratelimiter/pkg/middleware/ratelimiter.go:31.70,36.4 4 1
github.com/alcimerio/gopos-ratelimiter/pkg/middleware/ratelimiter.go:38.3,38.23 1 1
github.com/alcimerio/gopos-ratelimiter/pkg/storage/mock_storage.go:16.36,22.2 1 0
github.com/alcimerio/gopos-ratelimiter/pkg/storage/mock_storage.go:24.107,30.2 4 0
github.com/alcimerio/gopos-ratelimiter/pkg/storage/mock_storage.go:32.80,36.49 3 0
github.com/alcimerio/gopos-ratelimiter/pkg/storage/mock_storage.go:36.49,38.3 1 0
github.com/alcimerio/gopos-ratelimiter/pkg/storage/mock_storage.go:39.2,39.19 1 0
github.com/alcimerio/gopos-ratelimiter/pkg/storage/mock_storage.go:42.92,48.2 4 0
github.com/alcimerio/gopos-ratelimiter/pkg/storage/mock_storage.go:50.68,57.2 5 0
github.com/alcimerio/gopos-ratelimiter/pkg/storage/mock_storage.go:59.37,61.2 1 0
github.com/alcimerio/gopos-ratelimiter/pkg/storage/mock_storage.go:64.51,66.2 1 0
github.com/alcimerio/gopos-ratelimiter/pkg/storage/mock_storage.go:68.52,70.2 1 0
github.com/alcimerio/gopos-ratelimiter/pkg/storage/redis.go:15.93,24.47 3 1
github.com/alcimerio/gopos-ratelimiter/pkg/storage/redis.go:24.47,26.3 1 1
github.com/alcimerio/gopos-ratelimiter/pkg/storage/redis.go:28.2,28.43 1 1
github.com/alcimerio/gopos-ratelimiter/pkg/storage/redis.go:31.108,37.16 5 1
github.com/alcimerio/gopos-ratelimiter/pkg/storage/redis.go:37.16,39.3 1 1
github.com/alcimerio/gopos-ratelimiter/pkg/storage/redis.go:41.2,41.24 1 1
github.com/alcimerio/gopos-ratelimiter/pkg/storage/redis.go:44.81,47.16 3 1
github.com/alcimerio/gopos-ratelimiter/pkg/storage/redis.go:47.16,49.3 1 0
github.com/alcimerio/gopos-ratelimiter/pkg/storage/redis.go:50.2,50.25 1 1
github.com/alcimerio/gopos-ratelimiter/pkg/storage/redis.go:53.93,56.16 3 1
github.com/alcimerio/gopos-ratelimiter/pkg/storage/redis.go:56.16,58.3 1 0
github.com/alcimerio/gopos-ratelimiter/pkg/storage/redis.go:59.2,59.12 1 1
github.com/alcimerio/gopos-ratelimiter/pkg/storage/redis.go:62.69,70.16 5 1
github.com/alcimerio/gopos-ratelimiter/pkg/storage/redis.go:70.16,72.3 1 0
github.com/alcimerio/gopos-ratelimiter/pkg/storage/redis.go:73.2,73.12 1 1
github.com/alcimerio/gopos-ratelimiter/pkg/storage/redis.go:76.38,78.2 1 1
